Vercel CLI 48.10.11
Retrieving project…
Deploying ikakos-projects-b565fca2/game-lounge-site
Uploading [--------------------] (0.0B/94B)
Uploading [====================] (94.0B/94B)
Inspect: https://vercel.com/ikakos-projects-b565fca2/game-lounge-site/BdoStQvA6PbQZi8pxc3ydU2H5HVZ [3s]
Production: https://game-lounge-site-gm3gqilln-ikakos-projects-b565fca2.vercel.app [3s]
https://game-lounge-site-gm3gqilln-ikakos-projects-b565fca2.vercel.appBuilding...
Building...
Building: Running build in Washington, D.C., USA (East) – iad1
Building: Build machine configuration: 2 cores, 8 GB
Building: Retrieving list of deployment files...
Building: Previous build caches not available.
Building: Downloading 60 deployment files...
Building: Running "vercel build"
Building: Vercel CLI 50.10.2
Building: Installing dependencies...
Building: npm warn deprecated rimraf@3.0.2: Rimraf versions prior to v4 are no longer supported
Building: npm warn deprecated inflight@1.0.6: This module is not supported, and leaks memory. Do not use it. Check out lru-cache if you want a good and tested way to coalesce async requests by a key value, which is much more comprehensive and powerful.
Building: npm warn deprecated @humanwhocodes/config-array@0.13.0: Use @eslint/config-array instead
Building: npm warn deprecated @supabase/auth-helpers-shared@0.7.0: This package is now deprecated - please use the @supabase/ssr package instead.
Building: npm warn deprecated @supabase/auth-helpers-react@0.5.0: This package is now deprecated - please use the @supabase/ssr package instead.
Building: npm warn deprecated @humanwhocodes/object-schema@2.0.3: Use @eslint/object-schema instead
Building: npm warn deprecated glob@7.2.3: Glob versions prior to v9 are no longer supported
Building: npm warn deprecated @supabase/auth-helpers-nextjs@0.10.0: This package is now deprecated - please use the @supabase/ssr package instead.
Building: npm warn deprecated eslint@8.57.1: This version is no longer supported. Please see https://eslint.org/version-support for other options.
Building: added 444 packages in 12s
Building: 156 packages are looking for funding
Building: run `npm fund` for details
Building: Detected Next.js version: 14.2.35
Building: Running "npm run build"
Building: > game-lounge-site@1.0.0 build
Building: > next build
Building: Attention: Next.js now collects completely anonymous telemetry regarding usage.
Building: This information is used to shape Next.js' roadmap and prioritize features.
Building: You can learn more, including how to opt-out if you'd not like to participate in this anonymous program, by visiting the following URL:
Building: https://nextjs.org/telemetry
Building: ▲ Next.js 14.2.35
Building: Creating an optimized production build ...
Building: ✓ Compiled successfully
Building: Linting and checking validity of types ...
Building: Collecting page data ...
Building: Error: supabaseUrl is required.
Building: at /vercel/path0/.next/server/chunks/786.js:37:49669
Building: at new rh (/vercel/path0/.next/server/chunks/786.js:37:49920)
Building: at rc (/vercel/path0/.next/server/chunks/786.js:37:53603)
Building: at 1926 (/vercel/path0/.next/server/app/api/bookings/route.js:1:2992)
Building: at t (/vercel/path0/.next/server/webpack-runtime.js:1:127)
Building: at 4071 (/vercel/path0/.next/server/app/api/bookings/route.js:1:483)
Building: at t (/vercel/path0/.next/server/webpack-runtime.js:1:127)
Building: at r (/vercel/path0/.next/server/app/api/bookings/route.js:1:3061)
Building: at /vercel/path0/.next/server/app/api/bookings/route.js:1:3096
Building: at t.X (/vercel/path0/.next/server/webpack-runtime.js:1:1191)
Building: > Build error occurred
Building: Error: Failed to collect page data for /api/bookings
Building: at /vercel/path0/node_modules/next/dist/build/utils.js:1269:15
Building: at process.processTicksAndRejections (node:internal/process/task_queues:103:5) {
Building: type: 'Error'
Building: }
Building: Error: Command "npm run build" exited with 1
Error: Command "npm run build" exited with 1
